<?xml version="1.0" encoding="UTF-8"?>
<!-- Generated by org.testng.reporters.JUnitReportReporter -->
<testsuite hostname="DESKTOP-J3AGGAL" failures="0" tests="2" name="TestNg.MultiBrowser" time="6.611" errors="0" timestamp="2022-08-20T14:23:25 IST" skipped="0">
  <testcase classname="TestNg.MultiBrowser" name="openBrowser" time="2.732"/>
  <system-out/>
  <testcase classname="TestNg.MultiBrowser" name="openBrowser" time="3.879"/>
  <system-out/>
</testsuite> <!-- TestNg.MultiBrowser -->
