<?xml version="1.0" encoding="UTF-8"?>
<!-- Generated by org.testng.reporters.JUnitReportReporter -->
<testsuite hostname="DESKTOP-J3AGGAL" failures="0" tests="1" name="TestNg.Parallel_A" time="3.255" errors="0" timestamp="2022-08-19T21:38:50 IST" skipped="0">
  <testcase classname="TestNg.Parallel_A" name="TC1" time="3.255"/>
  <system-out/>
</testsuite> <!-- TestNg.Parallel_A -->
