<?xml version="1.0" encoding="UTF-8"?>
<!-- Generated by org.testng.reporters.JUnitReportReporter -->
<testsuite hostname="DESKTOP-J3AGGAL" failures="0" tests="1" name="TestNg.Parallel_B" time="4.578" errors="0" timestamp="2022-08-19T21:38:50 IST" skipped="0">
  <testcase classname="TestNg.Parallel_B" name="TC1" time="4.578"/>
  <system-out/>
</testsuite> <!-- TestNg.Parallel_B -->
