<?xml version="1.0" encoding="UTF-8"?>
<!-- Generated by org.testng.reporters.JUnitReportReporter -->
<testsuite hostname="DESKTOP-J3AGGAL" failures="0" tests="4" name="BatchTesting.Sample2" time="0.037" errors="0" timestamp="2022-08-20T14:20:17 IST" skipped="0">
  <testcase classname="BatchTesting.Sample2" name="TC3" time="0.017"/>
  <system-out>
    <![CDATA[running TC3]]>
  </system-out>
  <testcase classname="BatchTesting.Sample2" name="TC4" time="0.002"/>
  <system-out>
    <![CDATA[running TC4]]>
  </system-out>
  <testcase classname="BatchTesting.Sample2" name="TC3" time="0.017"/>
  <system-out>
    <![CDATA[running TC3]]>
  </system-out>
  <testcase classname="BatchTesting.Sample2" name="TC4" time="0.001"/>
  <system-out>
    <![CDATA[running TC4]]>
  </system-out>
</testsuite> <!-- BatchTesting.Sample2 -->
