<?xml version="1.0" encoding="UTF-8"?>
<!-- Generated by org.testng.reporters.JUnitReportReporter -->
<testsuite hostname="DESKTOP-J3AGGAL" failures="0" tests="1" name="Sample2" time="0.010" errors="0" timestamp="2022-08-18T20:17:48 IST" skipped="0">
  <testcase classname="Sample2" name="TC3" time="0.010"/>
  <system-out>
    <![CDATA[running TC3]]>
  </system-out>
</testsuite> <!-- Sample2 -->
