<?xml version="1.0" encoding="UTF-8"?>
<!-- Generated by org.testng.reporters.JUnitReportReporter -->
<testsuite hostname="DESKTOP-J3AGGAL" failures="0" tests="3" name="TestNg.DisableTC" time="0.009" errors="0" timestamp="2022-08-19T14:04:07 IST" skipped="1">
  <testcase classname="TestNg.DisableTC" name="TC1" time="0.007"/>
  <system-out>
    <![CDATA[TC1 running]]>
  </system-out>
  <testcase classname="TestNg.DisableTC" name="TC3" time="0.002"/>
  <system-out>
    <![CDATA[TC3 running]]>
  </system-out>
  <testcase classname="TestNg.DisableTC" name="TC2">
    <skipped/>
  </testcase> <!-- TC2 -->
  <system-out/>
</testsuite> <!-- TestNg.DisableTC -->
