<?xml version="1.0" encoding="UTF-8"?>
<!-- Generated by org.testng.reporters.JUnitReportReporter -->
<testsuite hostname="DESKTOP-J3AGGAL" failures="0" tests="2" name="BatchTesting.Sample1" time="0.008" errors="0" timestamp="2022-08-19T13:58:00 IST" skipped="0">
  <testcase classname="BatchTesting.Sample1" name="TC1" time="0.005"/>
  <system-out>
    <![CDATA[running TC1]]>
  </system-out>
  <testcase classname="BatchTesting.Sample1" name="TC2" time="0.003"/>
  <system-out>
    <![CDATA[running TC2]]>
  </system-out>
</testsuite> <!-- BatchTesting.Sample1 -->
