<?xml version="1.0" encoding="UTF-8"?>
<!-- Generated by org.testng.reporters.JUnitReportReporter -->
<testsuite hostname="DESKTOP-J3AGGAL" failures="0" tests="2" name="TestNg.SuiteLevelChanges" time="0.009" errors="0" timestamp="2022-08-19T14:11:05 IST" skipped="0">
  <testcase classname="TestNg.SuiteLevelChanges" name="TC1" time="0.008"/>
  <system-out>
    <![CDATA[TC1 running]]>
  </system-out>
  <testcase classname="TestNg.SuiteLevelChanges" name="TC3" time="0.001"/>
  <system-out>
    <![CDATA[TC3 running]]>
  </system-out>
</testsuite> <!-- TestNg.SuiteLevelChanges -->
