<?xml version="1.0" encoding="UTF-8"?>
<!-- Generated by org.testng.reporters.JUnitReportReporter -->
<testsuite hostname="DESKTOP-J3AGGAL" failures="0" tests="1" name="TestNg.TestNgNew" time="0.013" errors="0" timestamp="2022-08-17T16:48:12 IST" skipped="0">
  <testcase classname="TestNg.TestNgNew" name="report" time="0.013"/>
  <system-out>
    <![CDATA[Hiiii]]>
  </system-out>
</testsuite> <!-- TestNg.TestNgNew -->
