<?xml version="1.0" encoding="UTF-8"?>
<!-- Generated by org.testng.reporters.JUnitReportReporter -->
<testsuite hostname="DESKTOP-J3AGGAL" failures="0" tests="1" name="Assertion.AssertEqual" time="0.011" errors="0" timestamp="2022-08-22T19:58:14 IST" skipped="0">
  <testcase classname="Assertion.AssertEqual" name="TC1" time="0.011"/>
  <system-out>
    <![CDATA[TC1 running
TC pass]]>
  </system-out>
</testsuite> <!-- Assertion.AssertEqual -->
