<?xml version="1.0" encoding="UTF-8"?>
<!-- Generated by org.testng.reporters.JUnitReportReporter -->
<testsuite hostname="DESKTOP-J3AGGAL" failures="0" tests="1" name="Assertion.AssertFalse" time="0.010" errors="0" timestamp="2022-08-22T20:19:33 IST" skipped="0">
  <testcase classname="Assertion.AssertFalse" name="TC1" time="0.010"/>
  <system-out>
    <![CDATA[TC1 running]]>
  </system-out>
</testsuite> <!-- Assertion.AssertFalse -->
